
PLAY [Install and configure Nginx on the existing linux-server (172.16.3.100)] ***

TASK [Gathering Facts] *********************************************************
ok: [linux-server]

TASK [nginx_deployment : Ensure facts are gathered] ****************************
skipping: [linux-server]

TASK [nginx_deployment : Ensure apt cache is updated (Debian family)] **********
skipping: [linux-server]

TASK [nginx_deployment : Ensure EPEL repository is present (RHEL family)] ******
ok: [linux-server]

TASK [nginx_deployment : Install Nginx package (cross-platform)] ***************
ok: [linux-server]

TASK [nginx_deployment : Allow HTTP (80) port through firewalld (RHEL family) if available] ***
ok: [linux-server]

TASK [nginx_deployment : Ensure UFW allows 80 (Debian/Ubuntu with ufw) (best-effort)] ***
skipping: [linux-server]

TASK [nginx_deployment : Ensure Nginx service is enabled and started (systemd)] ***
ok: [linux-server]

TASK [nginx_deployment : Ensure Nginx service is started using service module (fallback)] ***
ok: [linux-server]

TASK [nginx_deployment : Debug nginx binary/version (sanity)] ******************
ok: [linux-server]

TASK [nginx_deployment : Show nginx version output] ****************************
ok: [linux-server] => {
    "nginx_ver.stderr": "nginx version: nginx/1.20.1"
}

TASK [nginx_deployment : Ensure Nginx SSL directory exists] ********************
ok: [linux-server]

TASK [nginx_deployment : Deploy SSL Private Key file] **************************
ok: [linux-server]

TASK [nginx_deployment : Deploy SSL Certificate file] **************************
ok: [linux-server]

TASK [nginx_deployment : Deploy Nginx default config from template (no restart)] ***
ok: [linux-server]

TASK [nginx_deployment : Restart Nginx service if config was changed] **********
skipping: [linux-server]

TASK [nginx_deployment : Ensure Nginx webroot exists] **************************
ok: [linux-server]

TASK [nginx_deployment : Ensure a simple index.html exists (do not overwrite if present)] ***
ok: [linux-server]

PLAY RECAP *********************************************************************
linux-server               : ok=14   changed=0    unreachable=0    failed=0    skipped=4    rescued=0    ignored=0   

